<?xml version="1.0" encoding="UTF-8"?>
<!-- Generated by org.testng.reporters.JUnitReportReporter -->
<testsuite hostname="RKAINS007" failures="0" tests="1" name="HomePage.Dropdown1Test" time="12.415" errors="0" timestamp="2023-08-05T22:05:21 IST" skipped="0">
  <testcase classname="HomePage.Dropdown1Test" name="DD1" time="12.415"/>
</testsuite> <!-- HomePage.Dropdown1Test -->
