<?xml version="1.0" encoding="UTF-8"?>
<!-- Generated by org.testng.reporters.JUnitReportReporter -->
<testsuite hostname="RKAINS007" failures="0" tests="1" name="HomePage.Dropdown1Test" time="16.401" errors="0" timestamp="2023-06-23T14:22:45 IST" skipped="0">
  <testcase classname="HomePage.Dropdown1Test" name="DD1" time="16.401"/>
  <system-out/>
</testsuite> <!-- HomePage.Dropdown1Test -->
